2025-05-17 21:59:54,809 - INFO - Thread-1 start.
2025-05-17 21:59:54,810 - INFO - Thread-2 start.
2025-05-17 21:59:54,812 - INFO - Thread-3 start.
2025-05-17 21:59:54,813 - INFO - Thread-4 start.
2025-05-17 21:59:54,813 - INFO - Thread-5 start.
2025-05-17 21:59:54,814 - INFO - Thread-6 start.
2025-05-17 21:59:54,815 - INFO - Thread-7 start.
2025-05-17 21:59:54,817 - INFO - Thread-8 start.
2025-05-17 22:00:00,553 - INFO - Downloaded	https://www.paper-com.com.hk/wp-content/themes/spacious/js/spacious-custom.js
2025-05-17 22:00:00,608 - INFO - Downloaded	https://www.paper-com.com.hk/wp-content/uploads/2023/09/facebk_papercom_s.png
2025-05-17 22:00:00,890 - INFO - Downloaded	https://www.paper-com.com.hk/wp-content/uploads/2024/12/images.jpg
2025-05-17 22:00:00,980 - INFO - Downloaded	https://www.paper-com.com.hk/wp-content/uploads/2022/10/amt-1.gif
2025-05-17 22:00:01,070 - INFO - Downloaded	https://www.paper-com.com.hk/wp-content/uploads/2017/03/AAIA-logo163.png
2025-05-17 22:00:01,276 - INFO - Downloaded	https://www.paper-com.com.hk/wp-content/uploads/2025/03/papercom-ARThk-Banner.jpg
2025-05-17 22:00:01,454 - INFO - handle_html	https://www.paper-com.com.hk/
2025-05-17 22:00:01,838 - INFO - Downloaded	https://www.paper-com.com.hk/down/Standard_Terms_EXC_TC.pdf
2025-05-17 22:00:02,152 - INFO - Downloaded	https://www.paper-com.com.hk/wp-content/uploads/2019/02/cropped-papercom-192x192.png
2025-05-17 22:00:02,455 - INFO - Downloaded	https://www.paper-com.com.hk/wp-content/uploads/2023/09/facebk_PCAC_s.png
2025-05-17 22:00:02,666 - ERROR - [error.HTTPError]	https://www.paper-com.com.hk/tc/xmlrpc.php
2025-05-17 22:00:03,192 - INFO - Downloaded	https://www.paper-com.com.hk/wp-content/uploads/2025/03/papercom-DMPhk-Banner.jpg
2025-05-17 22:00:03,456 - INFO - Downloaded	https://www.paper-com.com.hk/wp-content/uploads/2023/09/ig-dmp1_s.png
2025-05-17 22:00:03,772 - INFO - Downloaded	https://www.paper-com.com.hk/wp-content/uploads/2023/09/logisticnet_s.png
2025-05-17 22:00:10,175 - INFO - handle_html	https://www.paper-com.com.hk/xmlrpc.php?rsd
2025-05-17 22:00:11,900 - INFO - handle_html	https://www.paper-com.com.hk/tc/exhibition-intro/kitec/
